<?xml version="1.0" encoding="UTF-8"?>
<!-- Generated by org.testng.reporters.JUnitReportReporter -->
<testsuite hostname="HB11547" failures="0" tests="3" name="Jameson.NewTest" time="0.006" errors="0" timestamp="2022-03-17T11:29:04 EDT" skipped="0">
  <testcase classname="Jameson.NewTest" name="xcheckbox" time="0.001"/>
  <system-out/>
  <testcase classname="Jameson.NewTest" name="radiobutton" time="0.000"/>
  <system-out/>
  <testcase classname="Jameson.NewTest" name="Firstmethod" time="0.005"/>
  <system-out/>
</testsuite> <!-- Jameson.NewTest -->
